This file contains any messages produced by compilers while
running configure, to aid debugging if configure makes a mistake.

It was created by rng-tools configure 6.5, which was
generated by GNU Autoconf 2.69.  Invocation command line was

  $ ./configure --host=arm-linux --prefix=/home/actg/Develop/nuc970bsp/applications/rng-tools-6.5/install --without-libgcrypt --without-nistbeacon

## --------- ##
## Platform. ##
## --------- ##

hostname = ubuntu
uname -m = i686
uname -r = 4.13.0-36-generic
uname -s = Linux
uname -v = #40~16.04.1-Ubuntu SMP Fri Feb 16 23:26:51 UTC 2018

/usr/bin/uname -p = unknown
/bin/uname -X     = unknown

/bin/arch              = unknown
/usr/bin/arch -k       = unknown
/usr/convex/getsysinfo = unknown
/usr/bin/hostinfo      = unknown
/bin/machine           = unknown
/usr/bin/oslevel       = unknown
/bin/universe          = unknown

PATH: /usr/local/arm_linux_4.8/bin
PATH: /usr/local/sbin
PATH: /usr/local/bin
PATH: /usr/sbin
PATH: /usr/bin
PATH: /sbin
PATH: /bin
PATH: /snap/bin


## ----------- ##
## Core tests. ##
## ----------- ##

configure:2220: checking build system type
configure:2234: result: i686-pc-linux-gnu
configure:2254: checking host system type
configure:2267: result: arm-unknown-linux-gnu
configure:2287: checking target system type
configure:2300: result: arm-unknown-linux-gnu
configure:2342: checking for a BSD-compatible install
configure:2410: result: /usr/bin/install -c
configure:2421: checking whether build environment is sane
configure:2476: result: yes
configure:2535: checking for arm-linux-strip
configure:2551: found /usr/local/arm_linux_4.8/bin/arm-linux-strip
configure:2562: result: arm-linux-strip
configure:2627: checking for a thread-safe mkdir -p
configure:2666: result: /bin/mkdir -p
configure:2673: checking for gawk
configure:2689: found /usr/bin/gawk
configure:2700: result: gawk
configure:2711: checking whether make sets $(MAKE)
configure:2733: result: yes
configure:2762: checking whether make supports nested variables
configure:2779: result: yes
configure:2930: checking whether to enable maintainer-specific portions of Makefiles
configure:2939: result: no
configure:2964: checking for style of include used by make
configure:2992: result: GNU
configure:3023: checking for arm-linux-gcc
configure:3039: found /usr/local/arm_linux_4.8/bin/arm-linux-gcc
configure:3050: result: arm-linux-gcc
configure:3319: checking for C compiler version
configure:3328: arm-linux-gcc --version >&5
arm-linux-gcc (GCC) 4.8.4
Copyright (C) 2013 Free Software Foundation, Inc.
This is free software; see the source for copying conditions.  There is NO
warranty; not even for MERCHANTABILITY or FITNESS FOR A PARTICULAR PURPOSE.

configure:3339: $? = 0
configure:3328: arm-linux-gcc -v >&5
Using built-in specs.
COLLECT_GCC=arm-linux-gcc
COLLECT_LTO_WRAPPER=/usr/local/arm_linux_4.8/libexec/gcc/arm-nuvoton-linux-uclibceabi/4.8.4/lto-wrapper
Target: arm-nuvoton-linux-uclibceabi
Configured with: ../configure --prefix=/usr/local/arm_linux_4.8 --target=arm-nuvoton-linux-uclibceabi --enable-static --disable-__cxa_atexit --with-gnu-ld --disable-libssp --disable-multilib --enable-target-optspace --disable-libsanitizer --enable-tls --disable-libmudflap --enable-threads --without-isl --without-cloog --with-float=soft --disable-decimal-float --with-abi=aapcs-linux --with-cpu=arm926ej-s --with-float=soft --with-mode=arm --enable-languages=c,c++ --enable-poison-system-directories --enable-shared --disable-libgomp --with-sysroot=/usr/local/arm_linux_4.8 --with-build-time-tools=/usr/local/arm_linux_4.8/arm-nuvoton-linux-uclibceabi/bin --enable-shared
Thread model: posix
gcc version 4.8.4 (GCC) 
configure:3339: $? = 0
configure:3328: arm-linux-gcc -V >&5
arm-linux-gcc: error: unrecognized command line option '-V'
arm-linux-gcc: fatal error: no input files
compilation terminated.
configure:3339: $? = 1
configure:3328: arm-linux-gcc -qversion >&5
arm-linux-gcc: error: unrecognized command line option '-qversion'
arm-linux-gcc: fatal error: no input files
compilation terminated.
configure:3339: $? = 1
configure:3359: checking whether the C compiler works
configure:3381: arm-linux-gcc  -I../sysfsutils-2.1.0/install/include -L../sysfsutils-2.1.0/install/lib/ conftest.c  >&5
configure:3385: $? = 0
configure:3433: result: yes
configure:3436: checking for C compiler default output file name
configure:3438: result: a.out
configure:3444: checking for suffix of executables
configure:3451: arm-linux-gcc -o conftest  -I../sysfsutils-2.1.0/install/include -L../sysfsutils-2.1.0/install/lib/ conftest.c  >&5
configure:3455: $? = 0
configure:3477: result: 
configure:3499: checking whether we are cross compiling
configure:3507: arm-linux-gcc -o conftest  -I../sysfsutils-2.1.0/install/include -L../sysfsutils-2.1.0/install/lib/ conftest.c  >&5
configure:3511: $? = 0
configure:3518: ./conftest
./configure: line 3520: ./conftest: cannot execute binary file: Exec format error
configure:3522: $? = 126
configure:3537: result: yes
configure:3542: checking for suffix of object files
configure:3564: arm-linux-gcc -c  -I../sysfsutils-2.1.0/install/include conftest.c >&5
configure:3568: $? = 0
configure:3589: result: o
configure:3593: checking whether we are using the GNU C compiler
configure:3612: arm-linux-gcc -c  -I../sysfsutils-2.1.0/install/include conftest.c >&5
configure:3612: $? = 0
configure:3621: result: yes
configure:3630: checking whether arm-linux-gcc accepts -g
configure:3650: arm-linux-gcc -c -g -I../sysfsutils-2.1.0/install/include conftest.c >&5
configure:3650: $? = 0
configure:3691: result: yes
configure:3708: checking for arm-linux-gcc option to accept ISO C89
configure:3771: arm-linux-gcc  -c -g -O2 -I../sysfsutils-2.1.0/install/include conftest.c >&5
configure:3771: $? = 0
configure:3784: result: none needed
configure:3809: checking whether arm-linux-gcc understands -c and -o together
configure:3831: arm-linux-gcc -c conftest.c -o conftest2.o
configure:3834: $? = 0
configure:3831: arm-linux-gcc -c conftest.c -o conftest2.o
configure:3834: $? = 0
configure:3846: result: yes
configure:3865: checking dependency style of arm-linux-gcc
configure:3976: result: gcc3
configure:4000: checking dependency style of arm-linux-gcc
configure:4109: result: gcc3
configure:4133: checking for arm-linux-gcc
configure:4160: result: arm-linux-gcc
configure:4429: checking for C compiler version
configure:4438: arm-linux-gcc --version >&5
arm-linux-gcc (GCC) 4.8.4
Copyright (C) 2013 Free Software Foundation, Inc.
This is free software; see the source for copying conditions.  There is NO
warranty; not even for MERCHANTABILITY or FITNESS FOR A PARTICULAR PURPOSE.

configure:4449: $? = 0
configure:4438: arm-linux-gcc -v >&5
Using built-in specs.
COLLECT_GCC=arm-linux-gcc
COLLECT_LTO_WRAPPER=/usr/local/arm_linux_4.8/libexec/gcc/arm-nuvoton-linux-uclibceabi/4.8.4/lto-wrapper
Target: arm-nuvoton-linux-uclibceabi
Configured with: ../configure --prefix=/usr/local/arm_linux_4.8 --target=arm-nuvoton-linux-uclibceabi --enable-static --disable-__cxa_atexit --with-gnu-ld --disable-libssp --disable-multilib --enable-target-optspace --disable-libsanitizer --enable-tls --disable-libmudflap --enable-threads --without-isl --without-cloog --with-float=soft --disable-decimal-float --with-abi=aapcs-linux --with-cpu=arm926ej-s --with-float=soft --with-mode=arm --enable-languages=c,c++ --enable-poison-system-directories --enable-shared --disable-libgomp --with-sysroot=/usr/local/arm_linux_4.8 --with-build-time-tools=/usr/local/arm_linux_4.8/arm-nuvoton-linux-uclibceabi/bin --enable-shared
Thread model: posix
gcc version 4.8.4 (GCC) 
configure:4449: $? = 0
configure:4438: arm-linux-gcc -V >&5
arm-linux-gcc: error: unrecognized command line option '-V'
arm-linux-gcc: fatal error: no input files
compilation terminated.
configure:4449: $? = 1
configure:4438: arm-linux-gcc -qversion >&5
arm-linux-gcc: error: unrecognized command line option '-qversion'
arm-linux-gcc: fatal error: no input files
compilation terminated.
configure:4449: $? = 1
configure:4453: checking whether we are using the GNU C compiler
configure:4481: result: yes
configure:4490: checking whether arm-linux-gcc accepts -g
configure:4551: result: yes
configure:4568: checking for arm-linux-gcc option to accept ISO C89
configure:4644: result: none needed
configure:4669: checking whether arm-linux-gcc understands -c and -o together
configure:4706: result: yes
configure:4725: checking dependency style of arm-linux-gcc
configure:4836: result: gcc3
configure:4854: checking for arm-linux-ranlib
configure:4870: found /usr/local/arm_linux_4.8/bin/arm-linux-ranlib
configure:4881: result: arm-linux-ranlib
configure:4949: checking how to run the C preprocessor
configure:4980: arm-linux-gcc -E -I../sysfsutils-2.1.0/install/include conftest.c
configure:4980: $? = 0
configure:4994: arm-linux-gcc -E -I../sysfsutils-2.1.0/install/include conftest.c
conftest.c:11:28: fatal error: ac_nonexistent.h: No such file or directory
 #include <ac_nonexistent.h>
                            ^
compilation terminated.
configure:4994: $? = 1
configure: failed program was:
| /* confdefs.h */
| #define PACKAGE_NAME "rng-tools"
| #define PACKAGE_TARNAME "rng-tools"
| #define PACKAGE_VERSION "6.5"
| #define PACKAGE_STRING "rng-tools 6.5"
| #define PACKAGE_BUGREPORT "Neil Horman <nhorman@tuxdriver.com>"
| #define PACKAGE_URL ""
| #define PACKAGE "rng-tools"
| #define VERSION "6.5"
| /* end confdefs.h.  */
| #include <ac_nonexistent.h>
configure:5019: result: arm-linux-gcc -E
configure:5039: arm-linux-gcc -E -I../sysfsutils-2.1.0/install/include conftest.c
configure:5039: $? = 0
configure:5053: arm-linux-gcc -E -I../sysfsutils-2.1.0/install/include conftest.c
conftest.c:11:28: fatal error: ac_nonexistent.h: No such file or directory
 #include <ac_nonexistent.h>
                            ^
compilation terminated.
configure:5053: $? = 1
configure: failed program was:
| /* confdefs.h */
| #define PACKAGE_NAME "rng-tools"
| #define PACKAGE_TARNAME "rng-tools"
| #define PACKAGE_VERSION "6.5"
| #define PACKAGE_STRING "rng-tools 6.5"
| #define PACKAGE_BUGREPORT "Neil Horman <nhorman@tuxdriver.com>"
| #define PACKAGE_URL ""
| #define PACKAGE "rng-tools"
| #define VERSION "6.5"
| /* end confdefs.h.  */
| #include <ac_nonexistent.h>
configure:5082: checking for grep that handles long lines and -e
configure:5140: result: /bin/grep
configure:5145: checking for egrep
configure:5207: result: /bin/grep -E
configure:5213: checking whether arm-linux-gcc needs -traditional
In file included from conftest.c:11:0:
/usr/local/arm_linux_4.8/usr/include/sgtty.h:22:2: warning: #warning useless header on uClibc [-Wcpp]
 #warning useless header on uClibc
  ^
configure:5247: result: no
configure:5260: checking for arm-linux-ar
configure:5276: found /usr/local/arm_linux_4.8/bin/arm-linux-ar
configure:5287: result: arm-linux-ar
configure:5356: checking for a sed that does not truncate output
configure:5420: result: /bin/sed
configure:5608: checking whether arm-linux-gcc is Clang
configure:5633: result: no
configure:5756: checking whether pthreads work with -pthread
configure:5850: arm-linux-gcc -o conftest -g -O2 -pthread -I../sysfsutils-2.1.0/install/include -L../sysfsutils-2.1.0/install/lib/ conftest.c   >&5
configure:5850: $? = 0
configure:5859: result: yes
configure:5878: checking for joinable pthread attribute
configure:5896: arm-linux-gcc -o conftest -g -O2 -pthread -I../sysfsutils-2.1.0/install/include -L../sysfsutils-2.1.0/install/lib/ conftest.c   >&5
configure:5896: $? = 0
configure:5904: result: PTHREAD_CREATE_JOINABLE
configure:5918: checking whether more special flags are required for pthreads
configure:5931: result: no
configure:5939: checking for PTHREAD_PRIO_INHERIT
configure:5955: arm-linux-gcc -o conftest -g -O2 -pthread -I../sysfsutils-2.1.0/install/include -L../sysfsutils-2.1.0/install/lib/ conftest.c   >&5
conftest.c: In function 'main':
conftest.c:15:9: error: 'PTHREAD_PRIO_INHERIT' undeclared (first use in this function)
 int i = PTHREAD_PRIO_INHERIT;
         ^
conftest.c:15:9: note: each undeclared identifier is reported only once for each function it appears in
configure:5955: $? = 1
configure: failed program was:
| /* confdefs.h */
| #define PACKAGE_NAME "rng-tools"
| #define PACKAGE_TARNAME "rng-tools"
| #define PACKAGE_VERSION "6.5"
| #define PACKAGE_STRING "rng-tools 6.5"
| #define PACKAGE_BUGREPORT "Neil Horman <nhorman@tuxdriver.com>"
| #define PACKAGE_URL ""
| #define PACKAGE "rng-tools"
| #define VERSION "6.5"
| /* end confdefs.h.  */
| #include <pthread.h>
| int
| main ()
| {
| int i = PTHREAD_PRIO_INHERIT;
|   ;
|   return 0;
| }
configure:5964: result: no
configure:6124: checking for library containing jent_version
configure:6155: arm-linux-gcc -o conftest -g -O2 -I../sysfsutils-2.1.0/install/include -L../sysfsutils-2.1.0/install/lib/ conftest.c  >&5
/tmp/cc4MqXtz.o: In function `main':
/home/actg/Develop/nuc970bsp/applications/rng-tools-6.5/conftest.c:23: undefined reference to `jent_version'
collect2: error: ld returned 1 exit status
configure:6155: $? = 1
configure: failed program was:
| /* confdefs.h */
| #define PACKAGE_NAME "rng-tools"
| #define PACKAGE_TARNAME "rng-tools"
| #define PACKAGE_VERSION "6.5"
| #define PACKAGE_STRING "rng-tools 6.5"
| #define PACKAGE_BUGREPORT "Neil Horman <nhorman@tuxdriver.com>"
| #define PACKAGE_URL ""
| #define PACKAGE "rng-tools"
| #define VERSION "6.5"
| #define HAVE_PTHREAD 1
| /* end confdefs.h.  */
| 
| /* Override any GCC internal prototype to avoid an error.
|    Use char because int might match the return type of a GCC
|    builtin and then its argument prototype would still apply.  */
| #ifdef __cplusplus
| extern "C"
| #endif
| char jent_version ();
| int
| main ()
| {
| return jent_version ();
|   ;
|   return 0;
| }
configure:6155: arm-linux-gcc -o conftest -g -O2 -I../sysfsutils-2.1.0/install/include -L../sysfsutils-2.1.0/install/lib/ conftest.c -ljitterentropy   >&5
/usr/local/arm_linux_4.8/lib/gcc/arm-nuvoton-linux-uclibceabi/4.8.4/../../../../arm-nuvoton-linux-uclibceabi/bin/ld: cannot find -ljitterentropy
collect2: error: ld returned 1 exit status
configure:6155: $? = 1
configure: failed program was:
| /* confdefs.h */
| #define PACKAGE_NAME "rng-tools"
| #define PACKAGE_TARNAME "rng-tools"
| #define PACKAGE_VERSION "6.5"
| #define PACKAGE_STRING "rng-tools 6.5"
| #define PACKAGE_BUGREPORT "Neil Horman <nhorman@tuxdriver.com>"
| #define PACKAGE_URL ""
| #define PACKAGE "rng-tools"
| #define VERSION "6.5"
| #define HAVE_PTHREAD 1
| /* end confdefs.h.  */
| 
| /* Override any GCC internal prototype to avoid an error.
|    Use char because int might match the return type of a GCC
|    builtin and then its argument prototype would still apply.  */
| #ifdef __cplusplus
| extern "C"
| #endif
| char jent_version ();
| int
| main ()
| {
| return jent_version ();
|   ;
|   return 0;
| }
configure:6172: result: no
configure:6189: Disabling JITTER entropy source
configure:6209: checking for arm-linux-pkg-config
configure:6242: result: no
configure:6252: checking for pkg-config
configure:6270: found /usr/bin/pkg-config
configure:6282: result: /usr/bin/pkg-config
configure:6294: WARNING: using cross tools not prefixed with host triplet
configure:6307: checking pkg-config is at least version 0.9.0
configure:6310: result: yes
configure:6551: checking for library containing sysfs_get_mnt_path
configure:6582: arm-linux-gcc -o conftest -g -O2 -I../sysfsutils-2.1.0/install/include -L../sysfsutils-2.1.0/install/lib/ conftest.c  >&5
/tmp/ccwWaftY.o: In function `main':
/home/actg/Develop/nuc970bsp/applications/rng-tools-6.5/conftest.c:23: undefined reference to `sysfs_get_mnt_path'
collect2: error: ld returned 1 exit status
configure:6582: $? = 1
configure: failed program was:
| /* confdefs.h */
| #define PACKAGE_NAME "rng-tools"
| #define PACKAGE_TARNAME "rng-tools"
| #define PACKAGE_VERSION "6.5"
| #define PACKAGE_STRING "rng-tools 6.5"
| #define PACKAGE_BUGREPORT "Neil Horman <nhorman@tuxdriver.com>"
| #define PACKAGE_URL ""
| #define PACKAGE "rng-tools"
| #define VERSION "6.5"
| #define HAVE_PTHREAD 1
| /* end confdefs.h.  */
| 
| /* Override any GCC internal prototype to avoid an error.
|    Use char because int might match the return type of a GCC
|    builtin and then its argument prototype would still apply.  */
| #ifdef __cplusplus
| extern "C"
| #endif
| char sysfs_get_mnt_path ();
| int
| main ()
| {
| return sysfs_get_mnt_path ();
|   ;
|   return 0;
| }
configure:6582: arm-linux-gcc -o conftest -g -O2 -I../sysfsutils-2.1.0/install/include -L../sysfsutils-2.1.0/install/lib/ conftest.c -lsysfs   >&5
configure:6582: $? = 0
configure:6599: result: -lsysfs
configure:6612: checking for ANSI C header files
configure:6632: arm-linux-gcc -c -g -O2 -I../sysfsutils-2.1.0/install/include conftest.c >&5
configure:6632: $? = 0
configure:6716: result: yes
configure:6729: checking for sys/types.h
configure:6729: arm-linux-gcc -c -g -O2 -I../sysfsutils-2.1.0/install/include conftest.c >&5
configure:6729: $? = 0
configure:6729: result: yes
configure:6729: checking for sys/stat.h
configure:6729: arm-linux-gcc -c -g -O2 -I../sysfsutils-2.1.0/install/include conftest.c >&5
configure:6729: $? = 0
configure:6729: result: yes
configure:6729: checking for stdlib.h
configure:6729: arm-linux-gcc -c -g -O2 -I../sysfsutils-2.1.0/install/include conftest.c >&5
configure:6729: $? = 0
configure:6729: result: yes
configure:6729: checking for string.h
configure:6729: arm-linux-gcc -c -g -O2 -I../sysfsutils-2.1.0/install/include conftest.c >&5
configure:6729: $? = 0
configure:6729: result: yes
configure:6729: checking for memory.h
configure:6729: arm-linux-gcc -c -g -O2 -I../sysfsutils-2.1.0/install/include conftest.c >&5
configure:6729: $? = 0
configure:6729: result: yes
configure:6729: checking for strings.h
configure:6729: arm-linux-gcc -c -g -O2 -I../sysfsutils-2.1.0/install/include conftest.c >&5
configure:6729: $? = 0
configure:6729: result: yes
configure:6729: checking for inttypes.h
configure:6729: arm-linux-gcc -c -g -O2 -I../sysfsutils-2.1.0/install/include conftest.c >&5
configure:6729: $? = 0
configure:6729: result: yes
configure:6729: checking for stdint.h
configure:6729: arm-linux-gcc -c -g -O2 -I../sysfsutils-2.1.0/install/include conftest.c >&5
configure:6729: $? = 0
configure:6729: result: yes
configure:6729: checking for unistd.h
configure:6729: arm-linux-gcc -c -g -O2 -I../sysfsutils-2.1.0/install/include conftest.c >&5
configure:6729: $? = 0
configure:6729: result: yes
configure:6829: checking dependency style of arm-linux-gcc
configure:6938: result: gcc3
configure:7066: checking that generated files are newer than configure
configure:7072: result: done
configure:7139: creating ./config.status

## ---------------------- ##
## Running config.status. ##
## ---------------------- ##

This file was extended by rng-tools config.status 6.5, which was
generated by GNU Autoconf 2.69.  Invocation command line was

  CONFIG_FILES    = 
  CONFIG_HEADERS  = 
  CONFIG_LINKS    = 
  CONFIG_COMMANDS = 
  $ ./config.status 

on ubuntu

config.status:905: creating Makefile
config.status:905: creating contrib/Makefile
config.status:905: creating tests/Makefile
config.status:905: creating rngd.8
config.status:905: creating rngtest.1
config.status:905: creating rng-tools-config.h
config.status:1086: rng-tools-config.h is unchanged
config.status:1134: executing depfiles commands

## ---------------- ##
## Cache variables. ##
## ---------------- ##

ac_cv_build=i686-pc-linux-gnu
ac_cv_c_compiler_gnu=yes
ac_cv_env_CCASFLAGS_set=
ac_cv_env_CCASFLAGS_value=
ac_cv_env_CCAS_set=
ac_cv_env_CCAS_value=
ac_cv_env_CC_set=
ac_cv_env_CC_value=
ac_cv_env_CFLAGS_set=
ac_cv_env_CFLAGS_value=
ac_cv_env_CPPFLAGS_set=set
ac_cv_env_CPPFLAGS_value=-I../sysfsutils-2.1.0/install/include
ac_cv_env_CPP_set=
ac_cv_env_CPP_value=
ac_cv_env_LDFLAGS_set=set
ac_cv_env_LDFLAGS_value=-L../sysfsutils-2.1.0/install/lib/
ac_cv_env_LIBS_set=
ac_cv_env_LIBS_value=
ac_cv_env_PKG_CONFIG_LIBDIR_set=
ac_cv_env_PKG_CONFIG_LIBDIR_value=
ac_cv_env_PKG_CONFIG_PATH_set=
ac_cv_env_PKG_CONFIG_PATH_value=
ac_cv_env_PKG_CONFIG_set=
ac_cv_env_PKG_CONFIG_value=
ac_cv_env_build_alias_set=
ac_cv_env_build_alias_value=
ac_cv_env_host_alias_set=set
ac_cv_env_host_alias_value=arm-linux
ac_cv_env_libcurl_CFLAGS_set=
ac_cv_env_libcurl_CFLAGS_value=
ac_cv_env_libcurl_LIBS_set=
ac_cv_env_libcurl_LIBS_value=
ac_cv_env_libxml2_CFLAGS_set=
ac_cv_env_libxml2_CFLAGS_value=
ac_cv_env_libxml2_LIBS_set=
ac_cv_env_libxml2_LIBS_value=
ac_cv_env_openssl_CFLAGS_set=
ac_cv_env_openssl_CFLAGS_value=
ac_cv_env_openssl_LIBS_set=
ac_cv_env_openssl_LIBS_value=
ac_cv_env_target_alias_set=
ac_cv_env_target_alias_value=
ac_cv_header_inttypes_h=yes
ac_cv_header_memory_h=yes
ac_cv_header_stdc=yes
ac_cv_header_stdint_h=yes
ac_cv_header_stdlib_h=yes
ac_cv_header_string_h=yes
ac_cv_header_strings_h=yes
ac_cv_header_sys_stat_h=yes
ac_cv_header_sys_types_h=yes
ac_cv_header_unistd_h=yes
ac_cv_host=arm-unknown-linux-gnu
ac_cv_objext=o
ac_cv_path_EGREP='/bin/grep -E'
ac_cv_path_GREP=/bin/grep
ac_cv_path_SED=/bin/sed
ac_cv_path_ac_pt_PKG_CONFIG=/usr/bin/pkg-config
ac_cv_path_install='/usr/bin/install -c'
ac_cv_path_mkdir=/bin/mkdir
ac_cv_prog_AR=arm-linux-ar
ac_cv_prog_AWK=gawk
ac_cv_prog_CC=arm-linux-gcc
ac_cv_prog_CPP='arm-linux-gcc -E'
ac_cv_prog_RANLIB=arm-linux-ranlib
ac_cv_prog_STRIP=arm-linux-strip
ac_cv_prog_cc_c89=
ac_cv_prog_cc_g=yes
ac_cv_prog_gcc_traditional=no
ac_cv_prog_make_make_set=yes
ac_cv_search_jent_version=no
ac_cv_search_sysfs_get_mnt_path=-lsysfs
ac_cv_target=arm-unknown-linux-gnu
am_cv_CCAS_dependencies_compiler_type=gcc3
am_cv_CC_dependencies_compiler_type=gcc3
am_cv_make_support_nested_variables=yes
am_cv_prog_cc_c_o=yes
ax_cv_PTHREAD_CLANG=no
ax_cv_PTHREAD_JOINABLE_ATTR=PTHREAD_CREATE_JOINABLE
ax_cv_PTHREAD_PRIO_INHERIT=no
ax_cv_PTHREAD_SPECIAL_FLAGS=no

## ----------------- ##
## Output variables. ##
## ----------------- ##

ACLOCAL='${SHELL} /home/actg/Develop/nuc970bsp/applications/rng-tools-6.5/missing aclocal-1.15'
AMDEPBACKSLASH='\'
AMDEP_FALSE='#'
AMDEP_TRUE=''
AMTAR='$${TAR-tar}'
AM_BACKSLASH='\'
AM_DEFAULT_V='$(AM_DEFAULT_VERBOSITY)'
AM_DEFAULT_VERBOSITY='1'
AM_V='$(V)'
AR='arm-linux-ar'
AUTOCONF='${SHELL} /home/actg/Develop/nuc970bsp/applications/rng-tools-6.5/missing autoconf'
AUTOHEADER='${SHELL} /home/actg/Develop/nuc970bsp/applications/rng-tools-6.5/missing autoheader'
AUTOMAKE='${SHELL} /home/actg/Develop/nuc970bsp/applications/rng-tools-6.5/missing automake-1.15'
AWK='gawk'
CC='arm-linux-gcc'
CCAS='arm-linux-gcc'
CCASDEPMODE='depmode=gcc3'
CCASFLAGS='-g -O2'
CCDEPMODE='depmode=gcc3'
CFLAGS='-g -O2'
CPP='arm-linux-gcc -E'
CPPFLAGS='-I../sysfsutils-2.1.0/install/include'
CYGPATH_W='echo'
DARN_FALSE=''
DARN_TRUE='#'
DEFS='-DHAVE_CONFIG_H'
DEPDIR='.deps'
ECHO_C=''
ECHO_N='-n'
ECHO_T=''
EGREP='/bin/grep -E'
EXEEXT=''
GREP='/bin/grep'
INSTALL_DATA='${INSTALL} -m 644'
INSTALL_PROGRAM='${INSTALL}'
INSTALL_SCRIPT='${INSTALL}'
INSTALL_STRIP_PROGRAM='$(install_sh) -c -s'
JITTER_DSO_FALSE=''
JITTER_DSO_TRUE='#'
JITTER_FALSE=''
JITTER_TRUE='#'
LDFLAGS='-L../sysfsutils-2.1.0/install/lib/'
LIBOBJS=''
LIBS='-lsysfs '
LTLIBOBJS=''
MAINT='#'
MAINTAINER_MODE_FALSE=''
MAINTAINER_MODE_TRUE='#'
MAKEINFO='${SHELL} /home/actg/Develop/nuc970bsp/applications/rng-tools-6.5/missing makeinfo'
MKDIR_P='/bin/mkdir -p'
NISTBEACON_FALSE=''
NISTBEACON_TRUE='#'
OBJEXT='o'
PACKAGE='rng-tools'
PACKAGE_BUGREPORT='Neil Horman <nhorman@tuxdriver.com>'
PACKAGE_NAME='rng-tools'
PACKAGE_STRING='rng-tools 6.5'
PACKAGE_TARNAME='rng-tools'
PACKAGE_URL=''
PACKAGE_VERSION='6.5'
PATH_SEPARATOR=':'
PKG_CONFIG='/usr/bin/pkg-config'
PKG_CONFIG_LIBDIR=''
PKG_CONFIG_PATH=''
PTHREAD_CC='arm-linux-gcc'
PTHREAD_CFLAGS='-pthread'
PTHREAD_LIBS=''
RANLIB='arm-linux-ranlib'
RDRAND_FALSE=''
RDRAND_TRUE='#'
SED='/bin/sed'
SET_MAKE=''
SHELL='/bin/sh'
STRIP='arm-linux-strip'
VERSION='6.5'
ac_ct_AR=''
ac_ct_CC=''
am__EXEEXT_FALSE=''
am__EXEEXT_TRUE='#'
am__fastdepCCAS_FALSE='#'
am__fastdepCCAS_TRUE=''
am__fastdepCC_FALSE='#'
am__fastdepCC_TRUE=''
am__include='include'
am__isrc=''
am__leading_dot='.'
am__nodep='_no'
am__quote=''
am__tar='$${TAR-tar} chof - "$$tardir"'
am__untar='$${TAR-tar} xf -'
ax_pthread_config=''
bindir='${exec_prefix}/bin'
build='i686-pc-linux-gnu'
build_alias=''
build_cpu='i686'
build_os='linux-gnu'
build_vendor='pc'
datadir='${datarootdir}'
datarootdir='${prefix}/share'
docdir='${datarootdir}/doc/${PACKAGE_TARNAME}'
dvidir='${docdir}'
exec_prefix='${prefix}'
host='arm-unknown-linux-gnu'
host_alias='arm-linux'
host_cpu='arm'
host_os='linux-gnu'
host_vendor='unknown'
htmldir='${docdir}'
includedir='${prefix}/include'
infodir='${datarootdir}/info'
install_sh='${SHELL} /home/actg/Develop/nuc970bsp/applications/rng-tools-6.5/install-sh'
libcurl_CFLAGS=''
libcurl_LIBS=''
libdir='${exec_prefix}/lib'
libexecdir='${exec_prefix}/libexec'
libxml2_CFLAGS=''
libxml2_LIBS=''
localedir='${datarootdir}/locale'
localstatedir='${prefix}/var'
mandir='${datarootdir}/man'
mkdir_p='$(MKDIR_P)'
oldincludedir='/usr/include'
openssl_CFLAGS=''
openssl_LIBS=''
pdfdir='${docdir}'
prefix='/home/actg/Develop/nuc970bsp/applications/rng-tools-6.5/install'
program_transform_name='s,x,x,'
psdir='${docdir}'
runstatedir='${localstatedir}/run'
sbindir='${exec_prefix}/sbin'
sharedstatedir='${prefix}/com'
sysconfdir='${prefix}/etc'
target='arm-unknown-linux-gnu'
target_alias=''
target_cpu='arm'
target_os='linux-gnu'
target_vendor='unknown'

## ----------- ##
## confdefs.h. ##
## ----------- ##

/* confdefs.h */
#define PACKAGE_NAME "rng-tools"
#define PACKAGE_TARNAME "rng-tools"
#define PACKAGE_VERSION "6.5"
#define PACKAGE_STRING "rng-tools 6.5"
#define PACKAGE_BUGREPORT "Neil Horman <nhorman@tuxdriver.com>"
#define PACKAGE_URL ""
#define PACKAGE "rng-tools"
#define VERSION "6.5"
#define HAVE_PTHREAD 1
#define STDC_HEADERS 1
#define HAVE_SYS_TYPES_H 1
#define HAVE_SYS_STAT_H 1
#define HAVE_STDLIB_H 1
#define HAVE_STRING_H 1
#define HAVE_MEMORY_H 1
#define HAVE_STRINGS_H 1
#define HAVE_INTTYPES_H 1
#define HAVE_STDINT_H 1
#define HAVE_UNISTD_H 1

configure: exit 0
